Starting capture [VID=0xc45 and PID=unspecified]


1: 0c45:652f [0x03 OUT] (INT) actual length = 64, buffer length = 64
00000000: 04 2F 00 03 2C 00 00 00  00 00 00 00 00 00 00 00  ./..,...........
00000010: 00 00 00 00 00 00 00 00  00 00 00 00 00 00 00 00  ................
00000020: 00 00 00 00 00 00 00 00  00 00 00 00 00 00 00 00  ................
00000030: 00 00 00 00 00 00 00 00  00 00 00 00 00 00 00 00  ................

2: 0c45:652f [0x82 IN] (INT) actual length = 64, buffer length = 64
00000000: 04 2F 00 03 2C 00 00 00  55 AA FF 02 45 0C 2F 65  ./..,...U...E./e
00000010: 05 01 00 08 00 00 00 00  01 02 03 04 05 06 08 07  ................
00000020: 09 0B 0A 0C 0D 0E 0F 10  11 12 14 00 00 00 00 00  ................
00000030: 00 00 00 00 00 00 00 00  00 00 00 00 00 00 00 00  ................

3: 0c45:652f [0x03 OUT] (INT) actual length = 64, buffer length = 64
00000000: 04 01 00 01 00 00 00 00  00 00 00 00 00 00 00 00  ................
00000010: 00 00 00 00 00 00 00 00  00 00 00 00 00 00 00 00  ................
00000020: 00 00 00 00 00 00 00 00  00 00 00 00 00 00 00 00  ................
00000030: 00 00 00 00 00 00 00 00  00 00 00 00 00 00 00 00  ................

4: 0c45:652f [0x82 IN] (INT) actual length = 64, buffer length = 64
00000000: 04 01 00 01 00 00 00 00  00 00 00 00 00 00 00 00  ................
00000010: 00 00 00 00 00 00 00 00  00 00 00 00 00 00 00 00  ................
00000020: 00 00 00 00 00 00 00 00  00 00 00 00 00 00 00 00  ................
00000030: 00 00 00 00 00 00 00 00  00 00 00 00 00 00 00 00  ................

5: 0c45:652f [0x03 OUT] (INT) actual length = 64, buffer length = 64
00000000: 04 3D 00 05 38 00 00 00  00 00 00 00 00 00 00 00  .=..8...........
00000010: 00 00 00 00 00 00 00 00  00 00 00 00 00 00 00 00  ................
00000020: 00 00 00 00 00 00 00 00  00 00 00 00 00 00 00 00  ................
00000030: 00 00 00 00 00 00 00 00  00 00 00 00 00 00 00 00  ................

6: 0c45:652f [0x82 IN] (INT) actual length = 64, buffer length = 64
00000000: 04 3D 00 05 38 00 00 00  14 03 02 00 01 FF FF 00  .=..8...........
00000010: 02 00 00 00 00 00 00 00  00 03 00 01 00 00 00 00  ................
00000020: 00 00 00 00 00 00 00 00  00 00 00 00 00 00 00 00  ................
00000030: 00 00 06 03 02 00 FF 00  00 00 00 00 00 00 00 00  ................

7: 0c45:652f [0x03 OUT] (INT) actual length = 64, buffer length = 64
00000000: 04 67 00 05 38 2A 00 00  00 00 00 00 00 00 00 00  .g..8*..........
00000010: 00 00 00 00 00 00 00 00  00 00 00 00 00 00 00 00  ................
00000020: 00 00 00 00 00 00 00 00  00 00 00 00 00 00 00 00  ................
00000030: 00 00 00 00 00 00 00 00  00 00 00 00 00 00 00 00  ................

8: 0c45:652f [0x82 IN] (INT) actual length = 64, buffer length = 64
00000000: 04 67 00 05 38 2A 00 00  06 03 02 00 FF 00 00 00  .g..8*..........
00000010: 00 00 00 00 00 00 00 00  00 00 00 00 00 00 00 00  ................
00000020: 00 00 00 00 00 00 00 00  00 00 00 00 00 00 00 00  ................
00000030: 00 00 01 04 02 00 FF 00  00 00 00 00 00 00 00 00  ................

9: 0c45:652f [0x03 OUT] (INT) actual length = 64, buffer length = 64
00000000: 04 91 00 05 38 54 00 00  00 00 00 00 00 00 00 00  ....8T..........
00000010: 00 00 00 00 00 00 00 00  00 00 00 00 00 00 00 00  ................
00000020: 00 00 00 00 00 00 00 00  00 00 00 00 00 00 00 00  ................
00000030: 00 00 00 00 00 00 00 00  00 00 00 00 00 00 00 00  ................

10: 0c45:652f [0x82 IN] (INT) actual length = 64, buffer length = 64
00000000: 04 91 00 05 38 54 00 00  01 04 02 00 FF 00 00 00  ....8T..........
00000010: 00 00 00 00 00 00 00 00  00 00 00 00 00 00 00 00  ................
00000020: 00 00 00 00 00 00 00 00  00 00 00 00 00 00 00 00  ................
00000030: 00 00 00 00 02 02 29 02  02 3A 02 02 3B 02 02 3C  ......)..:..;..<

11: 0c45:652f [0x03 OUT] (INT) actual length = 64, buffer length = 64
00000000: 04 02 00 02 00 00 00 00  00 00 00 00 00 00 00 00  ................
00000010: 00 00 00 00 00 00 00 00  00 00 00 00 00 00 00 00  ................
00000020: 00 00 00 00 00 00 00 00  00 00 00 00 00 00 00 00  ................
00000030: 00 00 00 00 00 00 00 00  00 00 00 00 00 00 00 00  ................

12: 0c45:652f [0x82 IN] (INT) actual length = 64, buffer length = 64
00000000: 04 02 00 02 00 00 00 00  00 00 00 00 00 00 00 00  ................
00000010: 00 00 00 00 00 00 00 00  00 00 00 00 00 00 00 00  ................
00000020: 00 00 00 00 00 00 00 00  00 00 00 00 00 00 00 00  ................
00000030: 00 00 00 00 00 00 00 00  00 00 00 00 00 00 00 00  ................

13: 0c45:652f [0x03 OUT] (INT) actual length = 64, buffer length = 64
00000000: 04 01 00 01 00 00 00 00  00 00 00 00 00 00 00 00  ................
00000010: 00 00 00 00 00 00 00 00  00 00 00 00 00 00 00 00  ................
00000020: 00 00 00 00 00 00 00 00  00 00 00 00 00 00 00 00  ................
00000030: 00 00 00 00 00 00 00 00  00 00 00 00 00 00 00 00  ................

14: 0c45:652f [0x82 IN] (INT) actual length = 64, buffer length = 64
00000000: 04 01 00 01 00 00 00 00  00 00 00 00 00 00 00 00  ................
00000010: 00 00 00 00 00 00 00 00  00 00 00 00 00 00 00 00  ................
00000020: 00 00 00 00 00 00 00 00  00 00 00 00 00 00 00 00  ................
00000030: 00 00 00 00 00 00 00 00  00 00 00 00 00 00 00 00  ................

15: 0c45:652f [0x03 OUT] (INT) actual length = 64, buffer length = 64
00000000: 04 4B 00 11 36 00 04 00  00 00 00 00 00 00 00 00  .K..6...........
00000010: 00 00 00 00 00 00 00 00  00 00 00 00 00 00 00 00  ................
00000020: 00 00 00 00 00 00 00 00  00 00 00 00 00 00 00 00  ................
00000030: 00 00 00 00 00 00 00 00  00 00 00 00 00 00 00 00  ................

16: 0c45:652f [0x82 IN] (INT) actual length = 64, buffer length = 64
00000000: 04 4B 00 11 36 00 04 00  00 00 00 00 00 00 00 00  .K..6...........
00000010: 00 00 00 00 00 00 00 00  00 00 00 00 00 00 00 00  ................
00000020: 00 00 00 00 00 00 00 00  00 00 00 00 00 00 00 00  ................
00000030: 00 00 00 00 00 00 00 00  00 00 00 00 00 00 00 00  ................

17: 0c45:652f [0x03 OUT] (INT) actual length = 64, buffer length = 64
00000000: 04 77 0A 11 36 36 04 00  00 00 00 FF FF 00 FF FF  .w..66..........
00000010: 00 FF FF 00 FF FF 00 FF  FF 00 00 00 00 00 00 00  ................
00000020: 00 00 00 00 00 00 00 00  00 00 00 00 00 00 00 00  ................
00000030: 00 00 00 00 00 00 00 00  00 00 00 00 00 00 00 00  ................

18: 0c45:652f [0x82 IN] (INT) actual length = 64, buffer length = 64
00000000: 04 77 0A 11 36 36 04 00  00 00 00 FF FF 00 FF FF  .w..66..........
00000010: 00 FF FF 00 FF FF 00 FF  FF 00 00 00 00 00 00 00  ................
00000020: 00 00 00 00 00 00 00 00  00 00 00 00 00 00 00 00  ................
00000030: 00 00 00 00 00 00 00 00  00 00 00 00 00 00 00 00  ................

19: 0c45:652f [0x03 OUT] (INT) actual length = 64, buffer length = 64
00000000: 04 B4 03 11 36 6C 04 00  00 00 00 FF 00 00 00 00  ....6l..........
00000010: 00 00 FF 00 00 00 00 00  00 00 00 00 00 00 00 00  ................
00000020: 00 00 00 00 00 00 00 00  00 00 00 00 00 00 00 00  ................
00000030: 00 00 00 00 00 00 00 00  00 00 00 FF 00 00 00 00  ................

20: 0c45:652f [0x82 IN] (INT) actual length = 64, buffer length = 64
00000000: 04 B4 03 11 36 6C 04 00  00 00 00 FF 00 00 00 00  ....6l..........
00000010: 00 00 FF 00 00 00 00 00  00 00 00 00 00 00 00 00  ................
00000020: 00 00 00 00 00 00 00 00  00 00 00 00 00 00 00 00  ................
00000030: 00 00 00 00 00 00 00 00  00 00 00 FF 00 00 00 00  ................

21: 0c45:652f [0x03 OUT] (INT) actual length = 64, buffer length = 64
00000000: 04 EB 02 11 36 A2 04 00  FF 00 00 FF 00 00 00 00  ....6...........
00000010: 00 00 00 00 00 00 00 00  00 00 00 00 00 00 00 00  ................
00000020: 00 00 00 00 00 00 00 00  00 00 00 00 00 00 00 00  ................
00000030: 00 00 00 00 00 00 00 00  00 00 00 00 00 00 00 00  ................

22: 0c45:652f [0x82 IN] (INT) actual length = 64, buffer length = 64
00000000: 04 EB 02 11 36 A2 04 00  FF 00 00 FF 00 00 00 00  ....6...........
00000010: 00 00 00 00 00 00 00 00  00 00 00 00 00 00 00 00  ................
00000020: 00 00 00 00 00 00 00 00  00 00 00 00 00 00 00 00  ................
00000030: 00 00 00 00 00 00 00 00  00 00 00 00 00 00 00 00  ................

23: 0c45:652f [0x03 OUT] (INT) actual length = 64, buffer length = 64
00000000: 04 23 01 11 36 D8 04 00  00 00 00 00 00 00 00 00  .#..6...........
00000010: 00 00 00 00 00 00 00 00  00 00 00 00 00 00 00 00  ................
00000020: 00 00 00 00 00 00 00 00  00 00 00 00 00 00 00 00  ................
00000030: 00 00 00 00 00 00 00 00  00 00 00 00 00 00 00 00  ................

24: 0c45:652f [0x82 IN] (INT) actual length = 64, buffer length = 64
00000000: 04 23 01 11 36 D8 04 00  00 00 00 00 00 00 00 00  .#..6...........
00000010: 00 00 00 00 00 00 00 00  00 00 00 00 00 00 00 00  ................
00000020: 00 00 00 00 00 00 00 00  00 00 00 00 00 00 00 00  ................
00000030: 00 00 00 00 00 00 00 00  00 00 00 00 00 00 00 00  ................

25: 0c45:652f [0x03 OUT] (INT) actual length = 64, buffer length = 64
00000000: 04 5A 00 11 36 0E 05 00  00 00 00 00 00 00 00 00  .Z..6...........
00000010: 00 00 00 00 00 00 00 00  00 00 00 00 00 00 00 00  ................
00000020: 00 00 00 00 00 00 00 00  00 00 00 00 00 00 00 00  ................
00000030: 00 00 00 00 00 00 00 00  00 00 00 00 00 00 00 00  ................

26: 0c45:652f [0x82 IN] (INT) actual length = 64, buffer length = 64
00000000: 04 5A 00 11 36 0E 05 00  00 00 00 00 00 00 00 00  .Z..6...........
00000010: 00 00 00 00 00 00 00 00  00 00 00 00 00 00 00 00  ................
00000020: 00 00 00 00 00 00 00 00  00 00 00 00 00 00 00 00  ................
00000030: 00 00 00 00 00 00 00 00  00 00 00 00 00 00 00 00  ................

27: 0c45:652f [0x03 OUT] (INT) actual length = 64, buffer length = 64
00000000: 04 90 00 11 36 44 05 00  00 00 00 00 00 00 00 00  ....6D..........
00000010: 00 00 00 00 00 00 00 00  00 00 00 00 00 00 00 00  ................
00000020: 00 00 00 00 00 00 00 00  00 00 00 00 00 00 00 00  ................
00000030: 00 00 00 00 00 00 00 00  00 00 00 00 00 00 00 00  ................

28: 0c45:652f [0x82 IN] (INT) actual length = 64, buffer length = 64
00000000: 04 90 00 11 36 44 05 00  00 00 00 00 00 00 00 00  ....6D..........
00000010: 00 00 00 00 00 00 00 00  00 00 00 00 00 00 00 00  ................
00000020: 00 00 00 00 00 00 00 00  00 00 00 00 00 00 00 00  ................
00000030: 00 00 00 00 00 00 00 00  00 00 00 00 00 00 00 00  ................

29: 0c45:652f [0x03 OUT] (INT) actual length = 64, buffer length = 64
00000000: 04 C6 00 11 36 7A 05 00  00 00 00 00 00 00 00 00  ....6z..........
00000010: 00 00 00 00 00 00 00 00  00 00 00 00 00 00 00 00  ................
00000020: 00 00 00 00 00 00 00 00  00 00 00 00 00 00 00 00  ................
00000030: 00 00 00 00 00 00 00 00  00 00 00 00 00 00 00 00  ................

30: 0c45:652f [0x82 IN] (INT) actual length = 64, buffer length = 64
00000000: 04 C6 00 11 36 7A 05 00  00 00 00 00 00 00 00 00  ....6z..........
00000010: 00 00 00 00 00 00 00 00  00 00 00 00 00 00 00 00  ................
00000020: 00 00 00 00 00 00 00 00  00 00 00 00 00 00 00 00  ................
00000030: 00 00 00 00 00 00 00 00  00 00 00 00 00 00 00 00  ................

31: 0c45:652f [0x03 OUT] (INT) actual length = 64, buffer length = 64
00000000: 04 02 00 02 00 00 00 00  00 00 00 00 00 00 00 00  ................
00000010: 00 00 00 00 00 00 00 00  00 00 00 00 00 00 00 00  ................
00000020: 00 00 00 00 00 00 00 00  00 00 00 00 00 00 00 00  ................
00000030: 00 00 00 00 00 00 00 00  00 00 00 00 00 00 00 00  ................

32: 0c45:652f [0x82 IN] (INT) actual length = 64, buffer length = 64
00000000: 04 02 00 02 00 00 00 00  00 00 00 00 00 00 00 00  ................
00000010: 00 00 00 00 00 00 00 00  00 00 00 00 00 00 00 00  ................
00000020: 00 00 00 00 00 00 00 00  00 00 00 00 00 00 00 00  ................
00000030: 00 00 00 00 00 00 00 00  00 00 00 00 00 00 00 00  ................

33: 0c45:652f [0x03 OUT] (INT) actual length = 64, buffer length = 64
00000000: 04 2F 00 03 2C 00 00 00  00 00 00 00 00 00 00 00  ./..,...........
00000010: 00 00 00 00 00 00 00 00  00 00 00 00 00 00 00 00  ................
00000020: 00 00 00 00 00 00 00 00  00 00 00 00 00 00 00 00  ................
00000030: 00 00 00 00 00 00 00 00  00 00 00 00 00 00 00 00  ................

34: 0c45:652f [0x82 IN] (INT) actual length = 64, buffer length = 64
00000000: 04 2F 00 03 2C 00 00 00  55 AA FF 02 45 0C 2F 65  ./..,...U...E./e
00000010: 05 01 00 08 00 00 00 00  01 02 03 04 05 06 08 07  ................
00000020: 09 0B 0A 0C 0D 0E 0F 10  11 12 14 00 00 00 00 00  ................
00000030: 00 00 00 00 00 00 00 00  00 00 00 00 00 00 00 00  ................

35: 0c45:652f [0x03 OUT] (INT) actual length = 64, buffer length = 64
00000000: 04 E4 03 04 2C 00 00 00  55 AA FF 02 45 0C 2F 65  ....,...U...E./e
00000010: 05 01 02 08 00 00 00 00  01 02 03 04 05 06 08 07  ................
00000020: 09 0B 0A 0C 0D 0E 0F 10  11 12 14 00 00 00 00 00  ................
00000030: 00 00 00 00 00 00 00 00  00 00 00 00 00 00 00 00  ................

36: 0c45:652f [0x82 IN] (INT) actual length = 64, buffer length = 64
00000000: 04 E4 03 04 2C 00 00 00  55 AA FF 02 45 0C 2F 65  ....,...U...E./e
00000010: 05 01 02 08 00 00 00 00  01 02 03 04 05 06 08 07  ................
00000020: 09 0B 0A 0C 0D 0E 0F 10  11 12 14 00 00 00 00 00  ................
00000030: 00 00 00 00 00 00 00 00  00 00 00 00 00 00 00 00  ................










45: 0c45:652f [0x03 OUT] (INT) actual length = 64, buffer length = 64
00000000: 04 2F 00 03 2C 00 00 00  00 00 00 00 00 00 00 00  ./..,...........
00000010: 00 00 00 00 00 00 00 00  00 00 00 00 00 00 00 00  ................
00000020: 00 00 00 00 00 00 00 00  00 00 00 00 00 00 00 00  ................
00000030: 00 00 00 00 00 00 00 00  00 00 00 00 00 00 00 00  ................

**
46: 0c45:652f [0x82 IN] (INT) actual length = 64, buffer length = 64
00000000: 04 2F 00 03 2C 00 00 00  55 AA FF 02 45 0C 2F 65  ./..,...U...E./e
00000010: 05 01 02 08 00 00 00 00  01 02 03 04 05 06 08 07  ................
00000020: 09 0B 0A 0C 0D 0E 0F 10  11 12 14 00 00 00 00 00  ................
00000030: 00 00 00 00 00 00 00 00  00 00 00 00 00 00 00 00  ................

47: 0c45:652f [0x03 OUT] (INT) actual length = 64, buffer length = 64
00000000: 04 01 00 01 00 00 00 00  00 00 00 00 00 00 00 00  ................
00000010: 00 00 00 00 00 00 00 00  00 00 00 00 00 00 00 00  ................
00000020: 00 00 00 00 00 00 00 00  00 00 00 00 00 00 00 00  ................
00000030: 00 00 00 00 00 00 00 00  00 00 00 00 00 00 00 00  ................

48: 0c45:652f [0x82 IN] (INT) actual length = 64, buffer length = 64
00000000: 04 01 00 01 00 00 00 00  00 00 00 00 00 00 00 00  ................
00000010: 00 00 00 00 00 00 00 00  00 00 00 00 00 00 00 00  ................
00000020: 00 00 00 00 00 00 00 00  00 00 00 00 00 00 00 00  ................
00000030: 00 00 00 00 00 00 00 00  00 00 00 00 00 00 00 00  ................

49: 0c45:652f [0x03 OUT] (INT) actual length = 64, buffer length = 64
00000000: 04 3D 00 05 38 00 00 00  00 00 00 00 00 00 00 00  .=..8...........
00000010: 00 00 00 00 00 00 00 00  00 00 00 00 00 00 00 00  ................
00000020: 00 00 00 00 00 00 00 00  00 00 00 00 00 00 00 00  ................
00000030: 00 00 00 00 00 00 00 00  00 00 00 00 00 00 00 00  ................

50: 0c45:652f [0x82 IN] (INT) actual length = 64, buffer length = 64
00000000: 04 3D 00 05 38 00 00 00  14 03 02 00 01 FF FF 00  .=..8...........
00000010: 02 00 00 00 00 00 00 00  00 03 00 01 00 00 00 00  ................
00000020: 00 00 00 00 00 00 00 00  00 00 00 00 00 00 00 00  ................
00000030: 00 00 06 03 02 00 FF 00  00 00 00 00 00 00 00 00  ................

51: 0c45:652f [0x03 OUT] (INT) actual length = 64, buffer length = 64
00000000: 04 67 00 05 38 2A 00 00  00 00 00 00 00 00 00 00  .g..8*..........
00000010: 00 00 00 00 00 00 00 00  00 00 00 00 00 00 00 00  ................
00000020: 00 00 00 00 00 00 00 00  00 00 00 00 00 00 00 00  ................
00000030: 00 00 00 00 00 00 00 00  00 00 00 00 00 00 00 00  ................

52: 0c45:652f [0x82 IN] (INT) actual length = 64, buffer length = 64
00000000: 04 67 00 05 38 2A 00 00  06 03 02 00 FF 00 00 00  .g..8*..........
00000010: 00 00 00 00 00 00 00 00  00 00 00 00 00 00 00 00  ................
00000020: 00 00 00 00 00 00 00 00  00 00 00 00 00 00 00 00  ................
00000030: 00 00 01 04 02 00 FF 00  00 00 00 00 00 00 00 00  ................

53: 0c45:652f [0x03 OUT] (INT) actual length = 64, buffer length = 64
00000000: 04 91 00 05 38 54 00 00  00 00 00 00 00 00 00 00  ....8T..........
00000010: 00 00 00 00 00 00 00 00  00 00 00 00 00 00 00 00  ................
00000020: 00 00 00 00 00 00 00 00  00 00 00 00 00 00 00 00  ................
00000030: 00 00 00 00 00 00 00 00  00 00 00 00 00 00 00 00  ................

54: 0c45:652f [0x82 IN] (INT) actual length = 64, buffer length = 64
00000000: 04 91 00 05 38 54 00 00  01 04 02 00 FF 00 00 00  ....8T..........
00000010: 00 00 00 00 00 00 00 00  00 00 00 00 00 00 00 00  ................
00000020: 00 00 00 00 00 00 00 00  00 00 00 00 00 00 00 00  ................
00000030: 00 00 00 00 02 02 29 02  02 3A 02 02 3B 02 02 3C  ......)..:..;..<

55: 0c45:652f [0x03 OUT] (INT) actual length = 64, buffer length = 64
00000000: 04 02 00 02 00 00 00 00  00 00 00 00 00 00 00 00  ................
00000010: 00 00 00 00 00 00 00 00  00 00 00 00 00 00 00 00  ................
00000020: 00 00 00 00 00 00 00 00  00 00 00 00 00 00 00 00  ................
00000030: 00 00 00 00 00 00 00 00  00 00 00 00 00 00 00 00  ................

56: 0c45:652f [0x82 IN] (INT) actual length = 64, buffer length = 64
00000000: 04 02 00 02 00 00 00 00  00 00 00 00 00 00 00 00  ................
00000010: 00 00 00 00 00 00 00 00  00 00 00 00 00 00 00 00  ................
00000020: 00 00 00 00 00 00 00 00  00 00 00 00 00 00 00 00  ................
00000030: 00 00 00 00 00 00 00 00  00 00 00 00 00 00 00 00  ................

57: 0c45:652f [0x03 OUT] (INT) actual length = 64, buffer length = 64
00000000: 04 01 00 01 00 00 00 00  00 00 00 00 00 00 00 00  ................
00000010: 00 00 00 00 00 00 00 00  00 00 00 00 00 00 00 00  ................
00000020: 00 00 00 00 00 00 00 00  00 00 00 00 00 00 00 00  ................
00000030: 00 00 00 00 00 00 00 00  00 00 00 00 00 00 00 00  ................

58: 0c45:652f [0x82 IN] (INT) actual length = 64, buffer length = 64
00000000: 04 01 00 01 00 00 00 00  00 00 00 00 00 00 00 00  ................
00000010: 00 00 00 00 00 00 00 00  00 00 00 00 00 00 00 00  ................
00000020: 00 00 00 00 00 00 00 00  00 00 00 00 00 00 00 00  ................
00000030: 00 00 00 00 00 00 00 00  00 00 00 00 00 00 00 00  ................

59: 0c45:652f [0x03 OUT] (INT) actual length = 64, buffer length = 64
00000000: 04 49 00 11 36 00 02 00  00 00 00 00 00 00 00 00  .I..6...........
00000010: 00 00 00 00 00 00 00 00  00 00 00 00 00 00 00 00  ................
00000020: 00 00 00 00 00 00 00 00  00 00 00 00 00 00 00 00  ................
00000030: 00 00 00 00 00 00 00 00  00 00 00 00 00 00 00 00  ................

60: 0c45:652f [0x82 IN] (INT) actual length = 64, buffer length = 64
00000000: 04 49 00 11 36 00 02 00  00 00 00 00 00 00 00 00  .I..6...........
00000010: 00 00 00 00 00 00 00 00  00 00 00 00 00 00 00 00  ................
00000020: 00 00 00 00 00 00 00 00  00 00 00 00 00 00 00 00  ................
00000030: 00 00 00 00 00 00 00 00  00 00 00 00 00 00 00 00  ................

61: 0c45:652f [0x03 OUT] (INT) actual length = 64, buffer length = 64
00000000: 04 75 0A 11 36 36 02 00  00 00 00 FF FF 00 FF FF  .u..66..........
00000010: 00 FF FF 00 FF FF 00 FF  FF 00 00 00 00 00 00 00  ................
00000020: 00 00 00 00 00 00 00 00  00 00 00 00 00 00 00 00  ................
00000030: 00 00 00 00 00 00 00 00  00 00 00 00 00 00 00 00  ................

62: 0c45:652f [0x82 IN] (INT) actual length = 64, buffer length = 64
00000000: 04 75 0A 11 36 36 02 00  00 00 00 FF FF 00 FF FF  .u..66..........
00000010: 00 FF FF 00 FF FF 00 FF  FF 00 00 00 00 00 00 00  ................
00000020: 00 00 00 00 00 00 00 00  00 00 00 00 00 00 00 00  ................
00000030: 00 00 00 00 00 00 00 00  00 00 00 00 00 00 00 00  ................

63: 0c45:652f [0x03 OUT] (INT) actual length = 64, buffer length = 64
00000000: 04 B2 03 11 36 6C 02 00  00 00 00 FF 00 00 00 00  ....6l..........
00000010: 00 00 FF 00 00 00 00 00  00 00 00 00 00 00 00 00  ................
00000020: 00 00 00 00 00 00 00 00  00 00 00 00 00 00 00 00  ................
00000030: 00 00 00 00 00 00 00 00  00 00 00 FF 00 00 00 00  ................

64: 0c45:652f [0x82 IN] (INT) actual length = 64, buffer length = 64
00000000: 04 B2 03 11 36 6C 02 00  00 00 00 FF 00 00 00 00  ....6l..........
00000010: 00 00 FF 00 00 00 00 00  00 00 00 00 00 00 00 00  ................
00000020: 00 00 00 00 00 00 00 00  00 00 00 00 00 00 00 00  ................
00000030: 00 00 00 00 00 00 00 00  00 00 00 FF 00 00 00 00  ................

65: 0c45:652f [0x03 OUT] (INT) actual length = 64, buffer length = 64
00000000: 04 E9 02 11 36 A2 02 00  FF 00 00 FF 00 00 00 00  ....6...........
00000010: 00 00 00 00 00 00 00 00  00 00 00 00 00 00 00 00  ................
00000020: 00 00 00 00 00 00 00 00  00 00 00 00 00 00 00 00  ................
00000030: 00 00 00 00 00 00 00 00  00 00 00 00 00 00 00 00  ................

66: 0c45:652f [0x82 IN] (INT) actual length = 64, buffer length = 64
00000000: 04 E9 02 11 36 A2 02 00  FF 00 00 FF 00 00 00 00  ....6...........
00000010: 00 00 00 00 00 00 00 00  00 00 00 00 00 00 00 00  ................
00000020: 00 00 00 00 00 00 00 00  00 00 00 00 00 00 00 00  ................
00000030: 00 00 00 00 00 00 00 00  00 00 00 00 00 00 00 00  ................

67: 0c45:652f [0x03 OUT] (INT) actual length = 64, buffer length = 64
00000000: 04 21 01 11 36 D8 02 00  00 00 00 00 00 00 00 00  .!..6...........
00000010: 00 00 00 00 00 00 00 00  00 00 00 00 00 00 00 00  ................
00000020: 00 00 00 00 00 00 00 00  00 00 00 00 00 00 00 00  ................
00000030: 00 00 00 00 00 00 00 00  00 00 00 00 00 00 00 00  ................

68: 0c45:652f [0x82 IN] (INT) actual length = 64, buffer length = 64
00000000: 04 21 01 11 36 D8 02 00  00 00 00 00 00 00 00 00  .!..6...........
00000010: 00 00 00 00 00 00 00 00  00 00 00 00 00 00 00 00  ................
00000020: 00 00 00 00 00 00 00 00  00 00 00 00 00 00 00 00  ................
00000030: 00 00 00 00 00 00 00 00  00 00 00 00 00 00 00 00  ................

69: 0c45:652f [0x03 OUT] (INT) actual length = 64, buffer length = 64
00000000: 04 58 00 11 36 0E 03 00  00 00 00 00 00 00 00 00  .X..6...........
00000010: 00 00 00 00 00 00 00 00  00 00 00 00 00 00 00 00  ................
00000020: 00 00 00 00 00 00 00 00  00 00 00 00 00 00 00 00  ................
00000030: 00 00 00 00 00 00 00 00  00 00 00 00 00 00 00 00  ................

70: 0c45:652f [0x82 IN] (INT) actual length = 64, buffer length = 64
00000000: 04 58 00 11 36 0E 03 00  00 00 00 00 00 00 00 00  .X..6...........
00000010: 00 00 00 00 00 00 00 00  00 00 00 00 00 00 00 00  ................
00000020: 00 00 00 00 00 00 00 00  00 00 00 00 00 00 00 00  ................
00000030: 00 00 00 00 00 00 00 00  00 00 00 00 00 00 00 00  ................

71: 0c45:652f [0x03 OUT] (INT) actual length = 64, buffer length = 64
00000000: 04 8E 00 11 36 44 03 00  00 00 00 00 00 00 00 00  ....6D..........
00000010: 00 00 00 00 00 00 00 00  00 00 00 00 00 00 00 00  ................
00000020: 00 00 00 00 00 00 00 00  00 00 00 00 00 00 00 00  ................
00000030: 00 00 00 00 00 00 00 00  00 00 00 00 00 00 00 00  ................

72: 0c45:652f [0x82 IN] (INT) actual length = 64, buffer length = 64
00000000: 04 8E 00 11 36 44 03 00  00 00 00 00 00 00 00 00  ....6D..........
00000010: 00 00 00 00 00 00 00 00  00 00 00 00 00 00 00 00  ................
00000020: 00 00 00 00 00 00 00 00  00 00 00 00 00 00 00 00  ................
00000030: 00 00 00 00 00 00 00 00  00 00 00 00 00 00 00 00  ................

73: 0c45:652f [0x03 OUT] (INT) actual length = 64, buffer length = 64
00000000: 04 C4 00 11 36 7A 03 00  00 00 00 00 00 00 00 00  ....6z..........
00000010: 00 00 00 00 00 00 00 00  00 00 00 00 00 00 00 00  ................
00000020: 00 00 00 00 00 00 00 00  00 00 00 00 00 00 00 00  ................
00000030: 00 00 00 00 00 00 00 00  00 00 00 00 00 00 00 00  ................

74: 0c45:652f [0x82 IN] (INT) actual length = 64, buffer length = 64
00000000: 04 C4 00 11 36 7A 03 00  00 00 00 00 00 00 00 00  ....6z..........
00000010: 00 00 00 00 00 00 00 00  00 00 00 00 00 00 00 00  ................
00000020: 00 00 00 00 00 00 00 00  00 00 00 00 00 00 00 00  ................
00000030: 00 00 00 00 00 00 00 00  00 00 00 00 00 00 00 00  ................

75: 0c45:652f [0x03 OUT] (INT) actual length = 64, buffer length = 64
00000000: 04 02 00 02 00 00 00 00  00 00 00 00 00 00 00 00  ................
00000010: 00 00 00 00 00 00 00 00  00 00 00 00 00 00 00 00  ................
00000020: 00 00 00 00 00 00 00 00  00 00 00 00 00 00 00 00  ................
00000030: 00 00 00 00 00 00 00 00  00 00 00 00 00 00 00 00  ................

76: 0c45:652f [0x82 IN] (INT) actual length = 64, buffer length = 64
00000000: 04 02 00 02 00 00 00 00  00 00 00 00 00 00 00 00  ................
00000010: 00 00 00 00 00 00 00 00  00 00 00 00 00 00 00 00  ................
00000020: 00 00 00 00 00 00 00 00  00 00 00 00 00 00 00 00  ................
00000030: 00 00 00 00 00 00 00 00  00 00 00 00 00 00 00 00  ................

77: 0c45:652f [0x03 OUT] (INT) actual length = 64, buffer length = 64
00000000: 04 2F 00 03 2C 00 00 00  00 00 00 00 00 00 00 00  ./..,...........
00000010: 00 00 00 00 00 00 00 00  00 00 00 00 00 00 00 00  ................
00000020: 00 00 00 00 00 00 00 00  00 00 00 00 00 00 00 00  ................
00000030: 00 00 00 00 00 00 00 00  00 00 00 00 00 00 00 00  ................

78: 0c45:652f [0x82 IN] (INT) actual length = 64, buffer length = 64
00000000: 04 2F 00 03 2C 00 00 00  55 AA FF 02 45 0C 2F 65  ./..,...U...E./e
00000010: 05 01 02 08 00 00 00 00  01 02 03 04 05 06 08 07  ................
00000020: 09 0B 0A 0C 0D 0E 0F 10  11 12 14 00 00 00 00 00  ................
00000030: 00 00 00 00 00 00 00 00  00 00 00 00 00 00 00 00  ................

79: 0c45:652f [0x03 OUT] (INT) actual length = 64, buffer length = 64
00000000: 04 E3 03 04 2C 00 00 00  55 AA FF 02 45 0C 2F 65  ....,...U...E./e
00000010: 05 01 01 08 00 00 00 00  01 02 03 04 05 06 08 07  ................
00000020: 09 0B 0A 0C 0D 0E 0F 10  11 12 14 00 00 00 00 00  ................
00000030: 00 00 00 00 00 00 00 00  00 00 00 00 00 00 00 00  ................

80: 0c45:652f [0x82 IN] (INT) actual length = 64, buffer length = 64
00000000: 04 E3 03 04 2C 00 00 00  55 AA FF 02 45 0C 2F 65  ....,...U...E./e
00000010: 05 01 01 08 00 00 00 00  01 02 03 04 05 06 08 07  ................
00000020: 09 0B 0A 0C 0D 0E 0F 10  11 12 14 00 00 00 00 00  ................
00000030: 00 00 00 00 00 00 00 00  00 00 00 00 00 00 00 00  ................








81: 0c45:652f [0x03 OUT] (INT) actual length = 64, buffer length = 64
00000000: 04 2F 00 03 2C 00 00 00  00 00 00 00 00 00 00 00  ./..,...........
00000010: 00 00 00 00 00 00 00 00  00 00 00 00 00 00 00 00  ................
00000020: 00 00 00 00 00 00 00 00  00 00 00 00 00 00 00 00  ................
00000030: 00 00 00 00 00 00 00 00  00 00 00 00 00 00 00 00  ................

82: 0c45:652f [0x82 IN] (INT) actual length = 64, buffer length = 64
00000000: 04 2F 00 03 2C 00 00 00  55 AA FF 02 45 0C 2F 65  ./..,...U...E./e
00000010: 05 01 01 08 00 00 00 00  01 02 03 04 05 06 08 07  ................
00000020: 09 0B 0A 0C 0D 0E 0F 10  11 12 14 00 00 00 00 00  ................
00000030: 00 00 00 00 00 00 00 00  00 00 00 00 00 00 00 00  ................

83: 0c45:652f [0x03 OUT] (INT) actual length = 64, buffer length = 64
00000000: 04 01 00 01 00 00 00 00  00 00 00 00 00 00 00 00  ................
00000010: 00 00 00 00 00 00 00 00  00 00 00 00 00 00 00 00  ................
00000020: 00 00 00 00 00 00 00 00  00 00 00 00 00 00 00 00  ................
00000030: 00 00 00 00 00 00 00 00  00 00 00 00 00 00 00 00  ................

84: 0c45:652f [0x82 IN] (INT) actual length = 64, buffer length = 64
00000000: 04 01 00 01 00 00 00 00  00 00 00 00 00 00 00 00  ................
00000010: 00 00 00 00 00 00 00 00  00 00 00 00 00 00 00 00  ................
00000020: 00 00 00 00 00 00 00 00  00 00 00 00 00 00 00 00  ................
00000030: 00 00 00 00 00 00 00 00  00 00 00 00 00 00 00 00  ................

85: 0c45:652f [0x03 OUT] (INT) actual length = 64, buffer length = 64
00000000: 04 3D 00 05 38 00 00 00  00 00 00 00 00 00 00 00  .=..8...........
00000010: 00 00 00 00 00 00 00 00  00 00 00 00 00 00 00 00  ................
00000020: 00 00 00 00 00 00 00 00  00 00 00 00 00 00 00 00  ................
00000030: 00 00 00 00 00 00 00 00  00 00 00 00 00 00 00 00  ................

86: 0c45:652f [0x82 IN] (INT) actual length = 64, buffer length = 64
00000000: 04 3D 00 05 38 00 00 00  14 03 02 00 01 FF FF 00  .=..8...........
00000010: 02 00 00 00 00 00 00 00  00 03 00 01 00 00 00 00  ................
00000020: 00 00 00 00 00 00 00 00  00 00 00 00 00 00 00 00  ................
00000030: 00 00 06 03 02 00 FF 00  00 00 00 00 00 00 00 00  ................

87: 0c45:652f [0x03 OUT] (INT) actual length = 64, buffer length = 64
00000000: 04 67 00 05 38 2A 00 00  00 00 00 00 00 00 00 00  .g..8*..........
00000010: 00 00 00 00 00 00 00 00  00 00 00 00 00 00 00 00  ................
00000020: 00 00 00 00 00 00 00 00  00 00 00 00 00 00 00 00  ................
00000030: 00 00 00 00 00 00 00 00  00 00 00 00 00 00 00 00  ................

88: 0c45:652f [0x82 IN] (INT) actual length = 64, buffer length = 64
00000000: 04 67 00 05 38 2A 00 00  06 03 02 00 FF 00 00 00  .g..8*..........
00000010: 00 00 00 00 00 00 00 00  00 00 00 00 00 00 00 00  ................
00000020: 00 00 00 00 00 00 00 00  00 00 00 00 00 00 00 00  ................
00000030: 00 00 01 04 02 00 FF 00  00 00 00 00 00 00 00 00  ................

89: 0c45:652f [0x03 OUT] (INT) actual length = 64, buffer length = 64
00000000: 04 91 00 05 38 54 00 00  00 00 00 00 00 00 00 00  ....8T..........
00000010: 00 00 00 00 00 00 00 00  00 00 00 00 00 00 00 00  ................
00000020: 00 00 00 00 00 00 00 00  00 00 00 00 00 00 00 00  ................
00000030: 00 00 00 00 00 00 00 00  00 00 00 00 00 00 00 00  ................

90: 0c45:652f [0x82 IN] (INT) actual length = 64, buffer length = 64
00000000: 04 91 00 05 38 54 00 00  01 04 02 00 FF 00 00 00  ....8T..........
00000010: 00 00 00 00 00 00 00 00  00 00 00 00 00 00 00 00  ................
00000020: 00 00 00 00 00 00 00 00  00 00 00 00 00 00 00 00  ................
00000030: 00 00 00 00 02 02 29 02  02 3A 02 02 3B 02 02 3C  ......)..:..;..<

91: 0c45:652f [0x03 OUT] (INT) actual length = 64, buffer length = 64
00000000: 04 02 00 02 00 00 00 00  00 00 00 00 00 00 00 00  ................
00000010: 00 00 00 00 00 00 00 00  00 00 00 00 00 00 00 00  ................
00000020: 00 00 00 00 00 00 00 00  00 00 00 00 00 00 00 00  ................
00000030: 00 00 00 00 00 00 00 00  00 00 00 00 00 00 00 00  ................

92: 0c45:652f [0x82 IN] (INT) actual length = 64, buffer length = 64
00000000: 04 02 00 02 00 00 00 00  00 00 00 00 00 00 00 00  ................
00000010: 00 00 00 00 00 00 00 00  00 00 00 00 00 00 00 00  ................
00000020: 00 00 00 00 00 00 00 00  00 00 00 00 00 00 00 00  ................
00000030: 00 00 00 00 00 00 00 00  00 00 00 00 00 00 00 00  ................

93: 0c45:652f [0x03 OUT] (INT) actual length = 64, buffer length = 64
00000000: 04 01 00 01 00 00 00 00  00 00 00 00 00 00 00 00  ................
00000010: 00 00 00 00 00 00 00 00  00 00 00 00 00 00 00 00  ................
00000020: 00 00 00 00 00 00 00 00  00 00 00 00 00 00 00 00  ................
00000030: 00 00 00 00 00 00 00 00  00 00 00 00 00 00 00 00  ................

94: 0c45:652f [0x82 IN] (INT) actual length = 64, buffer length = 64
00000000: 04 01 00 01 00 00 00 00  00 00 00 00 00 00 00 00  ................
00000010: 00 00 00 00 00 00 00 00  00 00 00 00 00 00 00 00  ................
00000020: 00 00 00 00 00 00 00 00  00 00 00 00 00 00 00 00  ................
00000030: 00 00 00 00 00 00 00 00  00 00 00 00 00 00 00 00  ................

95: 0c45:652f [0x03 OUT] (INT) actual length = 64, buffer length = 64
00000000: 04 47 00 11 36 00 00 00  00 00 00 00 00 00 00 00  .G..6...........
00000010: 00 00 00 00 00 00 00 00  00 00 00 00 00 00 00 00  ................
00000020: 00 00 00 00 00 00 00 00  00 00 00 00 00 00 00 00  ................
00000030: 00 00 00 00 00 00 00 00  00 00 00 00 00 00 00 00  ................

96: 0c45:652f [0x82 IN] (INT) actual length = 64, buffer length = 64
00000000: 04 47 00 11 36 00 00 00  00 00 00 00 00 00 00 00  .G..6...........
00000010: 00 00 00 00 00 00 00 00  00 00 00 00 00 00 00 00  ................
00000020: 00 00 00 00 00 00 00 00  00 00 00 00 00 00 00 00  ................
00000030: 00 00 00 00 00 00 00 00  00 00 00 00 00 00 00 00  ................

97: 0c45:652f [0x03 OUT] (INT) actual length = 64, buffer length = 64
00000000: 04 73 0A 11 36 36 00 00  00 00 00 FF FF 00 FF FF  .s..66..........
00000010: 00 FF FF 00 FF FF 00 FF  FF 00 00 00 00 00 00 00  ................
00000020: 00 00 00 00 00 00 00 00  00 00 00 00 00 00 00 00  ................
00000030: 00 00 00 00 00 00 00 00  00 00 00 00 00 00 00 00  ................

98: 0c45:652f [0x82 IN] (INT) actual length = 64, buffer length = 64
00000000: 04 73 0A 11 36 36 00 00  00 00 00 FF FF 00 FF FF  .s..66..........
00000010: 00 FF FF 00 FF FF 00 FF  FF 00 00 00 00 00 00 00  ................
00000020: 00 00 00 00 00 00 00 00  00 00 00 00 00 00 00 00  ................
00000030: 00 00 00 00 00 00 00 00  00 00 00 00 00 00 00 00  ................

99: 0c45:652f [0x03 OUT] (INT) actual length = 64, buffer length = 64
00000000: 04 B0 03 11 36 6C 00 00  00 00 00 FF 00 00 00 00  ....6l..........
00000010: 00 00 FF 00 00 00 00 00  00 00 00 00 00 00 00 00  ................
00000020: 00 00 00 00 00 00 00 00  00 00 00 00 00 00 00 00  ................
00000030: 00 00 00 00 00 00 00 00  00 00 00 FF 00 00 00 00  ................

100: 0c45:652f [0x82 IN] (INT) actual length = 64, buffer length = 64
00000000: 04 B0 03 11 36 6C 00 00  00 00 00 FF 00 00 00 00  ....6l..........
00000010: 00 00 FF 00 00 00 00 00  00 00 00 00 00 00 00 00  ................
00000020: 00 00 00 00 00 00 00 00  00 00 00 00 00 00 00 00  ................
00000030: 00 00 00 00 00 00 00 00  00 00 00 FF 00 00 00 00  ................

101: 0c45:652f [0x03 OUT] (INT) actual length = 64, buffer length = 64
00000000: 04 E7 02 11 36 A2 00 00  FF 00 00 FF 00 00 00 00  ....6...........
00000010: 00 00 00 00 00 00 00 00  00 00 00 00 00 00 00 00  ................
00000020: 00 00 00 00 00 00 00 00  00 00 00 00 00 00 00 00  ................
00000030: 00 00 00 00 00 00 00 00  00 00 00 00 00 00 00 00  ................

102: 0c45:652f [0x82 IN] (INT) actual length = 64, buffer length = 64
00000000: 04 E7 02 11 36 A2 00 00  FF 00 00 FF 00 00 00 00  ....6...........
00000010: 00 00 00 00 00 00 00 00  00 00 00 00 00 00 00 00  ................
00000020: 00 00 00 00 00 00 00 00  00 00 00 00 00 00 00 00  ................
00000030: 00 00 00 00 00 00 00 00  00 00 00 00 00 00 00 00  ................

103: 0c45:652f [0x03 OUT] (INT) actual length = 64, buffer length = 64
00000000: 04 1F 01 11 36 D8 00 00  00 00 00 00 00 00 00 00  ....6...........
00000010: 00 00 00 00 00 00 00 00  00 00 00 00 00 00 00 00  ................
00000020: 00 00 00 00 00 00 00 00  00 00 00 00 00 00 00 00  ................
00000030: 00 00 00 00 00 00 00 00  00 00 00 00 00 00 00 00  ................

104: 0c45:652f [0x82 IN] (INT) actual length = 64, buffer length = 64
00000000: 04 1F 01 11 36 D8 00 00  00 00 00 00 00 00 00 00  ....6...........
00000010: 00 00 00 00 00 00 00 00  00 00 00 00 00 00 00 00  ................
00000020: 00 00 00 00 00 00 00 00  00 00 00 00 00 00 00 00  ................
00000030: 00 00 00 00 00 00 00 00  00 00 00 00 00 00 00 00  ................

105: 0c45:652f [0x03 OUT] (INT) actual length = 64, buffer length = 64
00000000: 04 56 00 11 36 0E 01 00  00 00 00 00 00 00 00 00  .V..6...........
00000010: 00 00 00 00 00 00 00 00  00 00 00 00 00 00 00 00  ................
00000020: 00 00 00 00 00 00 00 00  00 00 00 00 00 00 00 00  ................
00000030: 00 00 00 00 00 00 00 00  00 00 00 00 00 00 00 00  ................

106: 0c45:652f [0x82 IN] (INT) actual length = 64, buffer length = 64
00000000: 04 56 00 11 36 0E 01 00  00 00 00 00 00 00 00 00  .V..6...........
00000010: 00 00 00 00 00 00 00 00  00 00 00 00 00 00 00 00  ................
00000020: 00 00 00 00 00 00 00 00  00 00 00 00 00 00 00 00  ................
00000030: 00 00 00 00 00 00 00 00  00 00 00 00 00 00 00 00  ................

107: 0c45:652f [0x03 OUT] (INT) actual length = 64, buffer length = 64
00000000: 04 8C 00 11 36 44 01 00  00 00 00 00 00 00 00 00  ....6D..........
00000010: 00 00 00 00 00 00 00 00  00 00 00 00 00 00 00 00  ................
00000020: 00 00 00 00 00 00 00 00  00 00 00 00 00 00 00 00  ................
00000030: 00 00 00 00 00 00 00 00  00 00 00 00 00 00 00 00  ................

108: 0c45:652f [0x82 IN] (INT) actual length = 64, buffer length = 64
00000000: 04 8C 00 11 36 44 01 00  00 00 00 00 00 00 00 00  ....6D..........
00000010: 00 00 00 00 00 00 00 00  00 00 00 00 00 00 00 00  ................
00000020: 00 00 00 00 00 00 00 00  00 00 00 00 00 00 00 00  ................
00000030: 00 00 00 00 00 00 00 00  00 00 00 00 00 00 00 00  ................

109: 0c45:652f [0x03 OUT] (INT) actual length = 64, buffer length = 64
00000000: 04 C2 00 11 36 7A 01 00  00 00 00 00 00 00 00 00  ....6z..........
00000010: 00 00 00 00 00 00 00 00  00 00 00 00 00 00 00 00  ................
00000020: 00 00 00 00 00 00 00 00  00 00 00 00 00 00 00 00  ................
00000030: 00 00 00 00 00 00 00 00  00 00 00 00 00 00 00 00  ................

110: 0c45:652f [0x82 IN] (INT) actual length = 64, buffer length = 64
00000000: 04 C2 00 11 36 7A 01 00  00 00 00 00 00 00 00 00  ....6z..........
00000010: 00 00 00 00 00 00 00 00  00 00 00 00 00 00 00 00  ................
00000020: 00 00 00 00 00 00 00 00  00 00 00 00 00 00 00 00  ................
00000030: 00 00 00 00 00 00 00 00  00 00 00 00 00 00 00 00  ................

111: 0c45:652f [0x03 OUT] (INT) actual length = 64, buffer length = 64
00000000: 04 02 00 02 00 00 00 00  00 00 00 00 00 00 00 00  ................
00000010: 00 00 00 00 00 00 00 00  00 00 00 00 00 00 00 00  ................
00000020: 00 00 00 00 00 00 00 00  00 00 00 00 00 00 00 00  ................
00000030: 00 00 00 00 00 00 00 00  00 00 00 00 00 00 00 00  ................

112: 0c45:652f [0x82 IN] (INT) actual length = 64, buffer length = 64
00000000: 04 02 00 02 00 00 00 00  00 00 00 00 00 00 00 00  ................
00000010: 00 00 00 00 00 00 00 00  00 00 00 00 00 00 00 00  ................
00000020: 00 00 00 00 00 00 00 00  00 00 00 00 00 00 00 00  ................
00000030: 00 00 00 00 00 00 00 00  00 00 00 00 00 00 00 00  ................

113: 0c45:652f [0x03 OUT] (INT) actual length = 64, buffer length = 64
00000000: 04 2F 00 03 2C 00 00 00  00 00 00 00 00 00 00 00  ./..,...........
00000010: 00 00 00 00 00 00 00 00  00 00 00 00 00 00 00 00  ................
00000020: 00 00 00 00 00 00 00 00  00 00 00 00 00 00 00 00  ................
00000030: 00 00 00 00 00 00 00 00  00 00 00 00 00 00 00 00  ................

114: 0c45:652f [0x82 IN] (INT) actual length = 64, buffer length = 64
00000000: 04 2F 00 03 2C 00 00 00  55 AA FF 02 45 0C 2F 65  ./..,...U...E./e
00000010: 05 01 01 08 00 00 00 00  01 02 03 04 05 06 08 07  ................
00000020: 09 0B 0A 0C 0D 0E 0F 10  11 12 14 00 00 00 00 00  ................
00000030: 00 00 00 00 00 00 00 00  00 00 00 00 00 00 00 00  ................

115: 0c45:652f [0x03 OUT] (INT) actual length = 64, buffer length = 64
00000000: 04 E2 03 04 2C 00 00 00  55 AA FF 02 45 0C 2F 65  ....,...U...E./e
00000010: 05 01 00 08 00 00 00 00  01 02 03 04 05 06 08 07  ................
00000020: 09 0B 0A 0C 0D 0E 0F 10  11 12 14 00 00 00 00 00  ................
00000030: 00 00 00 00 00 00 00 00  00 00 00 00 00 00 00 00  ................

35: 0c45:652f [0x03 OUT] (INT) actual length = 64, buffer length = 64
00000000: 04 E4 03 04 2C 00 00 00  55 AA FF 02 45 0C 2F 65  ....,...U...E./e
00000010: 05 01 02 08 00 00 00 00  01 02 03 04 05 06 08 07  ................
00000020: 09 0B 0A 0C 0D 0E 0F 10  11 12 14 00 00 00 00 00  ................
00000030: 00 00 00 00 00 00 00 00  00 00 00 00 00 00 00 00  00 00 00 00 00 00 00 00  00 00 00 00 00 00 00 00  ................

116: 0c45:652f [0x82 IN] (INT) actual length = 64, buffer length = 64
00000000: 04 E2 03 04 2C 00 00 00  55 AA FF 02 45 0C 2F 65  ....,...U...E./e
00000010: 05 01 00 08 00 00 00 00  01 02 03 04 05 06 08 07  ................
00000020: 09 0B 0A 0C 0D 0E 0F 10  11 12 14 00 00 00 00 00  ................
00000030: 00 00 00 00 00 00 00 00  00 00 00 00 00 00 00 00  ................









117: 0c45:652f [0x03 OUT] (INT) actual length = 64, buffer length = 64
00000000: 04 2F 00 03 2C 00 00 00  00 00 00 00 00 00 00 00  ./..,...........
00000010: 00 00 00 00 00 00 00 00  00 00 00 00 00 00 00 00  ................
00000020: 00 00 00 00 00 00 00 00  00 00 00 00 00 00 00 00  ................
00000030: 00 00 00 00 00 00 00 00  00 00 00 00 00 00 00 00  ................

118: 0c45:652f [0x82 IN] (INT) actual length = 64, buffer length = 64
00000000: 04 2F 00 03 2C 00 00 00  55 AA FF 02 45 0C 2F 65  ./..,...U...E./e
00000010: 05 01 00 08 00 00 00 00  01 02 03 04 05 06 08 07  ................
00000020: 09 0B 0A 0C 0D 0E 0F 10  11 12 14 00 00 00 00 00  ................
00000030: 00 00 00 00 00 00 00 00  00 00 00 00 00 00 00 00  ................

119: 0c45:652f [0x03 OUT] (INT) actual length = 64, buffer length = 64
00000000: 04 01 00 01 00 00 00 00  00 00 00 00 00 00 00 00  ................
00000010: 00 00 00 00 00 00 00 00  00 00 00 00 00 00 00 00  ................
00000020: 00 00 00 00 00 00 00 00  00 00 00 00 00 00 00 00  ................
00000030: 00 00 00 00 00 00 00 00  00 00 00 00 00 00 00 00  ................

120: 0c45:652f [0x82 IN] (INT) actual length = 64, buffer length = 64
00000000: 04 01 00 01 00 00 00 00  00 00 00 00 00 00 00 00  ................
00000010: 00 00 00 00 00 00 00 00  00 00 00 00 00 00 00 00  ................
00000020: 00 00 00 00 00 00 00 00  00 00 00 00 00 00 00 00  ................
00000030: 00 00 00 00 00 00 00 00  00 00 00 00 00 00 00 00  ................

121: 0c45:652f [0x03 OUT] (INT) actual length = 64, buffer length = 64
00000000: 04 3D 00 05 38 00 00 00  00 00 00 00 00 00 00 00  .=..8...........
00000010: 00 00 00 00 00 00 00 00  00 00 00 00 00 00 00 00  ................
00000020: 00 00 00 00 00 00 00 00  00 00 00 00 00 00 00 00  ................
00000030: 00 00 00 00 00 00 00 00  00 00 00 00 00 00 00 00  ................

122: 0c45:652f [0x82 IN] (INT) actual length = 64, buffer length = 64
00000000: 04 3D 00 05 38 00 00 00  14 03 02 00 01 FF FF 00  .=..8...........
00000010: 02 00 00 00 00 00 00 00  00 03 00 01 00 00 00 00  ................
00000020: 00 00 00 00 00 00 00 00  00 00 00 00 00 00 00 00  ................
00000030: 00 00 06 03 02 00 FF 00  00 00 00 00 00 00 00 00  ................

123: 0c45:652f [0x03 OUT] (INT) actual length = 64, buffer length = 64
00000000: 04 67 00 05 38 2A 00 00  00 00 00 00 00 00 00 00  .g..8*..........
00000010: 00 00 00 00 00 00 00 00  00 00 00 00 00 00 00 00  ................
00000020: 00 00 00 00 00 00 00 00  00 00 00 00 00 00 00 00  ................
00000030: 00 00 00 00 00 00 00 00  00 00 00 00 00 00 00 00  ................

124: 0c45:652f [0x82 IN] (INT) actual length = 64, buffer length = 64
00000000: 04 67 00 05 38 2A 00 00  06 03 02 00 FF 00 00 00  .g..8*..........
00000010: 00 00 00 00 00 00 00 00  00 00 00 00 00 00 00 00  ................
00000020: 00 00 00 00 00 00 00 00  00 00 00 00 00 00 00 00  ................
00000030: 00 00 01 04 02 00 FF 00  00 00 00 00 00 00 00 00  ................

125: 0c45:652f [0x03 OUT] (INT) actual length = 64, buffer length = 64
00000000: 04 91 00 05 38 54 00 00  00 00 00 00 00 00 00 00  ....8T..........
00000010: 00 00 00 00 00 00 00 00  00 00 00 00 00 00 00 00  ................
00000020: 00 00 00 00 00 00 00 00  00 00 00 00 00 00 00 00  ................
00000030: 00 00 00 00 00 00 00 00  00 00 00 00 00 00 00 00  ................

126: 0c45:652f [0x82 IN] (INT) actual length = 64, buffer length = 64
00000000: 04 91 00 05 38 54 00 00  01 04 02 00 FF 00 00 00  ....8T..........
00000010: 00 00 00 00 00 00 00 00  00 00 00 00 00 00 00 00  ................
00000020: 00 00 00 00 00 00 00 00  00 00 00 00 00 00 00 00  ................
00000030: 00 00 00 00 02 02 29 02  02 3A 02 02 3B 02 02 3C  ......)..:..;..<

127: 0c45:652f [0x03 OUT] (INT) actual length = 64, buffer length = 64
00000000: 04 02 00 02 00 00 00 00  00 00 00 00 00 00 00 00  ................
00000010: 00 00 00 00 00 00 00 00  00 00 00 00 00 00 00 00  ................
00000020: 00 00 00 00 00 00 00 00  00 00 00 00 00 00 00 00  ................
00000030: 00 00 00 00 00 00 00 00  00 00 00 00 00 00 00 00  ................

128: 0c45:652f [0x82 IN] (INT) actual length = 64, buffer length = 64
00000000: 04 02 00 02 00 00 00 00  00 00 00 00 00 00 00 00  ................
00000010: 00 00 00 00 00 00 00 00  00 00 00 00 00 00 00 00  ................
00000020: 00 00 00 00 00 00 00 00  00 00 00 00 00 00 00 00  ................
00000030: 00 00 00 00 00 00 00 00  00 00 00 00 00 00 00 00  ................

129: 0c45:652f [0x03 OUT] (INT) actual length = 64, buffer length = 64
00000000: 04 01 00 01 00 00 00 00  00 00 00 00 00 00 00 00  ................
00000010: 00 00 00 00 00 00 00 00  00 00 00 00 00 00 00 00  ................
00000020: 00 00 00 00 00 00 00 00  00 00 00 00 00 00 00 00  ................
00000030: 00 00 00 00 00 00 00 00  00 00 00 00 00 00 00 00  ................

130: 0c45:652f [0x82 IN] (INT) actual length = 64, buffer length = 64
00000000: 04 01 00 01 00 00 00 00  00 00 00 00 00 00 00 00  ................
00000010: 00 00 00 00 00 00 00 00  00 00 00 00 00 00 00 00  ................
00000020: 00 00 00 00 00 00 00 00  00 00 00 00 00 00 00 00  ................
00000030: 00 00 00 00 00 00 00 00  00 00 00 00 00 00 00 00  ................

131: 0c45:652f [0x03 OUT] (INT) actual length = 64, buffer length = 64
00000000: 04 49 00 11 36 00 02 00  00 00 00 00 00 00 00 00  .I..6...........
00000010: 00 00 00 00 00 00 00 00  00 00 00 00 00 00 00 00  ................
00000020: 00 00 00 00 00 00 00 00  00 00 00 00 00 00 00 00  ................
00000030: 00 00 00 00 00 00 00 00  00 00 00 00 00 00 00 00  ................

132: 0c45:652f [0x82 IN] (INT) actual length = 64, buffer length = 64
00000000: 04 49 00 11 36 00 02 00  00 00 00 00 00 00 00 00  .I..6...........
00000010: 00 00 00 00 00 00 00 00  00 00 00 00 00 00 00 00  ................
00000020: 00 00 00 00 00 00 00 00  00 00 00 00 00 00 00 00  ................
00000030: 00 00 00 00 00 00 00 00  00 00 00 00 00 00 00 00  ................

133: 0c45:652f [0x03 OUT] (INT) actual length = 64, buffer length = 64
00000000: 04 75 0A 11 36 36 02 00  00 00 00 FF FF 00 FF FF  .u..66..........
00000010: 00 FF FF 00 FF FF 00 FF  FF 00 00 00 00 00 00 00  ................
00000020: 00 00 00 00 00 00 00 00  00 00 00 00 00 00 00 00  ................
00000030: 00 00 00 00 00 00 00 00  00 00 00 00 00 00 00 00  ................

134: 0c45:652f [0x82 IN] (INT) actual length = 64, buffer length = 64
00000000: 04 75 0A 11 36 36 02 00  00 00 00 FF FF 00 FF FF  .u..66..........
00000010: 00 FF FF 00 FF FF 00 FF  FF 00 00 00 00 00 00 00  ................
00000020: 00 00 00 00 00 00 00 00  00 00 00 00 00 00 00 00  ................
00000030: 00 00 00 00 00 00 00 00  00 00 00 00 00 00 00 00  ................

135: 0c45:652f [0x03 OUT] (INT) actual length = 64, buffer length = 64
00000000: 04 B2 03 11 36 6C 02 00  00 00 00 FF 00 00 00 00  ....6l..........
00000010: 00 00 FF 00 00 00 00 00  00 00 00 00 00 00 00 00  ................
00000020: 00 00 00 00 00 00 00 00  00 00 00 00 00 00 00 00  ................
00000030: 00 00 00 00 00 00 00 00  00 00 00 FF 00 00 00 00  ................

136: 0c45:652f [0x82 IN] (INT) actual length = 64, buffer length = 64
00000000: 04 B2 03 11 36 6C 02 00  00 00 00 FF 00 00 00 00  ....6l..........
00000010: 00 00 FF 00 00 00 00 00  00 00 00 00 00 00 00 00  ................
00000020: 00 00 00 00 00 00 00 00  00 00 00 00 00 00 00 00  ................
00000030: 00 00 00 00 00 00 00 00  00 00 00 FF 00 00 00 00  ................

137: 0c45:652f [0x03 OUT] (INT) actual length = 64, buffer length = 64
00000000: 04 E9 02 11 36 A2 02 00  FF 00 00 FF 00 00 00 00  ....6...........
00000010: 00 00 00 00 00 00 00 00  00 00 00 00 00 00 00 00  ................
00000020: 00 00 00 00 00 00 00 00  00 00 00 00 00 00 00 00  ................
00000030: 00 00 00 00 00 00 00 00  00 00 00 00 00 00 00 00  ................

138: 0c45:652f [0x82 IN] (INT) actual length = 64, buffer length = 64
00000000: 04 E9 02 11 36 A2 02 00  FF 00 00 FF 00 00 00 00  ....6...........
00000010: 00 00 00 00 00 00 00 00  00 00 00 00 00 00 00 00  ................
00000020: 00 00 00 00 00 00 00 00  00 00 00 00 00 00 00 00  ................
00000030: 00 00 00 00 00 00 00 00  00 00 00 00 00 00 00 00  ................

139: 0c45:652f [0x03 OUT] (INT) actual length = 64, buffer length = 64
00000000: 04 21 01 11 36 D8 02 00  00 00 00 00 00 00 00 00  .!..6...........
00000010: 00 00 00 00 00 00 00 00  00 00 00 00 00 00 00 00  ................
00000020: 00 00 00 00 00 00 00 00  00 00 00 00 00 00 00 00  ................
00000030: 00 00 00 00 00 00 00 00  00 00 00 00 00 00 00 00  ................

140: 0c45:652f [0x82 IN] (INT) actual length = 64, buffer length = 64
00000000: 04 21 01 11 36 D8 02 00  00 00 00 00 00 00 00 00  .!..6...........
00000010: 00 00 00 00 00 00 00 00  00 00 00 00 00 00 00 00  ................
00000020: 00 00 00 00 00 00 00 00  00 00 00 00 00 00 00 00  ................
00000030: 00 00 00 00 00 00 00 00  00 00 00 00 00 00 00 00  ................

141: 0c45:652f [0x03 OUT] (INT) actual length = 64, buffer length = 64
00000000: 04 58 00 11 36 0E 03 00  00 00 00 00 00 00 00 00  .X..6...........
00000010: 00 00 00 00 00 00 00 00  00 00 00 00 00 00 00 00  ................
00000020: 00 00 00 00 00 00 00 00  00 00 00 00 00 00 00 00  ................
00000030: 00 00 00 00 00 00 00 00  00 00 00 00 00 00 00 00  ................

142: 0c45:652f [0x82 IN] (INT) actual length = 64, buffer length = 64
00000000: 04 58 00 11 36 0E 03 00  00 00 00 00 00 00 00 00  .X..6...........
00000010: 00 00 00 00 00 00 00 00  00 00 00 00 00 00 00 00  ................
00000020: 00 00 00 00 00 00 00 00  00 00 00 00 00 00 00 00  ................
00000030: 00 00 00 00 00 00 00 00  00 00 00 00 00 00 00 00  ................

143: 0c45:652f [0x03 OUT] (INT) actual length = 64, buffer length = 64
00000000: 04 8E 00 11 36 44 03 00  00 00 00 00 00 00 00 00  ....6D..........
00000010: 00 00 00 00 00 00 00 00  00 00 00 00 00 00 00 00  ................
00000020: 00 00 00 00 00 00 00 00  00 00 00 00 00 00 00 00  ................
00000030: 00 00 00 00 00 00 00 00  00 00 00 00 00 00 00 00  ................

144: 0c45:652f [0x82 IN] (INT) actual length = 64, buffer length = 64
00000000: 04 8E 00 11 36 44 03 00  00 00 00 00 00 00 00 00  ....6D..........
00000010: 00 00 00 00 00 00 00 00  00 00 00 00 00 00 00 00  ................
00000020: 00 00 00 00 00 00 00 00  00 00 00 00 00 00 00 00  ................
00000030: 00 00 00 00 00 00 00 00  00 00 00 00 00 00 00 00  ................

145: 0c45:652f [0x03 OUT] (INT) actual length = 64, buffer length = 64
00000000: 04 C4 00 11 36 7A 03 00  00 00 00 00 00 00 00 00  ....6z..........
00000010: 00 00 00 00 00 00 00 00  00 00 00 00 00 00 00 00  ................
00000020: 00 00 00 00 00 00 00 00  00 00 00 00 00 00 00 00  ................
00000030: 00 00 00 00 00 00 00 00  00 00 00 00 00 00 00 00  ................

146: 0c45:652f [0x82 IN] (INT) actual length = 64, buffer length = 64
00000000: 04 C4 00 11 36 7A 03 00  00 00 00 00 00 00 00 00  ....6z..........
00000010: 00 00 00 00 00 00 00 00  00 00 00 00 00 00 00 00  ................
00000020: 00 00 00 00 00 00 00 00  00 00 00 00 00 00 00 00  ................
00000030: 00 00 00 00 00 00 00 00  00 00 00 00 00 00 00 00  ................

147: 0c45:652f [0x03 OUT] (INT) actual length = 64, buffer length = 64
00000000: 04 02 00 02 00 00 00 00  00 00 00 00 00 00 00 00  ................
00000010: 00 00 00 00 00 00 00 00  00 00 00 00 00 00 00 00  ................
00000020: 00 00 00 00 00 00 00 00  00 00 00 00 00 00 00 00  ................
00000030: 00 00 00 00 00 00 00 00  00 00 00 00 00 00 00 00  ................

148: 0c45:652f [0x82 IN] (INT) actual length = 64, buffer length = 64
00000000: 04 02 00 02 00 00 00 00  00 00 00 00 00 00 00 00  ................
00000010: 00 00 00 00 00 00 00 00  00 00 00 00 00 00 00 00  ................
00000020: 00 00 00 00 00 00 00 00  00 00 00 00 00 00 00 00  ................
00000030: 00 00 00 00 00 00 00 00  00 00 00 00 00 00 00 00  ................

149: 0c45:652f [0x03 OUT] (INT) actual length = 64, buffer length = 64
00000000: 04 2F 00 03 2C 00 00 00  00 00 00 00 00 00 00 00  ./..,...........
00000010: 00 00 00 00 00 00 00 00  00 00 00 00 00 00 00 00  ................
00000020: 00 00 00 00 00 00 00 00  00 00 00 00 00 00 00 00  ................
00000030: 00 00 00 00 00 00 00 00  00 00 00 00 00 00 00 00  ................

150: 0c45:652f [0x82 IN] (INT) actual length = 64, buffer length = 64
00000000: 04 2F 00 03 2C 00 00 00  55 AA FF 02 45 0C 2F 65  ./..,...U...E./e
00000010: 05 01 00 08 00 00 00 00  01 02 03 04 05 06 08 07  ................
00000020: 09 0B 0A 0C 0D 0E 0F 10  11 12 14 00 00 00 00 00  ................
00000030: 00 00 00 00 00 00 00 00  00 00 00 00 00 00 00 00  ................

151: 0c45:652f [0x03 OUT] (INT) actual length = 64, buffer length = 64
00000000: 04 E3 03 04 2C 00 00 00  55 AA FF 02 45 0C 2F 65  ....,...U...E./e
00000010: 05 01 01 08 00 00 00 00  01 02 03 04 05 06 08 07  ................
00000020: 09 0B 0A 0C 0D 0E 0F 10  11 12 14 00 00 00 00 00  ................
00000030: 00 00 00 00 00 00 00 00  00 00 00 00 00 00 00 00  ................

152: 0c45:652f [0x82 IN] (INT) actual length = 64, buffer length = 64
00000000: 04 E3 03 04 2C 00 00 00  55 AA FF 02 45 0C 2F 65  ....,...U...E./e
00000010: 05 01 01 08 00 00 00 00  01 02 03 04 05 06 08 07  ................
00000020: 09 0B 0A 0C 0D 0E 0F 10  11 12 14 00 00 00 00 00  ................
00000030: 00 00 00 00 00 00 00 00  00 00 00 00 00 00 00 00  ................

153: 0c45:652f [0x03 OUT] (INT) actual length = 64, buffer length = 64
00000000: 04 2F 00 03 2C 00 00 00  00 00 00 00 00 00 00 00  ./..,...........
00000010: 00 00 00 00 00 00 00 00  00 00 00 00 00 00 00 00  ................
00000020: 00 00 00 00 00 00 00 00  00 00 00 00 00 00 00 00  ................
00000030: 00 00 00 00 00 00 00 00  00 00 00 00 00 00 00 00  ................

154: 0c45:652f [0x82 IN] (INT) actual length = 64, buffer length = 64
00000000: 04 2F 00 03 2C 00 00 00  55 AA FF 02 45 0C 2F 65  ./..,...U...E./e
00000010: 05 01 01 08 00 00 00 00  01 02 03 04 05 06 08 07  ................
00000020: 09 0B 0A 0C 0D 0E 0F 10  11 12 14 00 00 00 00 00  ................
00000030: 00 00 00 00 00 00 00 00  00 00 00 00 00 00 00 00  ................

155: 0c45:652f [0x03 OUT] (INT) actual length = 64, buffer length = 64
00000000: 04 E3 03 04 2C 00 00 00  55 AA FF 02 45 0C 2F 65  ....,...U...E./e
00000010: 05 01 01 08 00 00 00 00  01 02 03 04 05 06 08 07  ................
00000020: 09 0B 0A 0C 0D 0E 0F 10  11 12 14 00 00 00 00 00  ................
00000030: 00 00 00 00 00 00 00 00  00 00 00 00 00 00 00 00  ................

156: 0c45:652f [0x82 IN] (INT) actual length = 64, buffer length = 64
00000000: 04 E3 03 04 2C 00 00 00  55 AA FF 02 45 0C 2F 65  ....,...U...E./e
00000010: 05 01 01 08 00 00 00 00  01 02 03 04 05 06 08 07  ................
00000020: 09 0B 0A 0C 0D 0E 0F 10  11 12 14 00 00 00 00 00  ................
00000030: 00 00 00 00 00 00 00 00  00 00 00 00 00 00 00 00  ................

157: 0c45:652f [0x03 OUT] (INT) actual length = 64, buffer length = 64
00000000: 04 01 00 01 00 00 00 00  00 00 00 00 00 00 00 00  ................
00000010: 00 00 00 00 00 00 00 00  00 00 00 00 00 00 00 00  ................
00000020: 00 00 00 00 00 00 00 00  00 00 00 00 00 00 00 00  ................
00000030: 00 00 00 00 00 00 00 00  00 00 00 00 00 00 00 00  ................

158: 0c45:652f [0x82 IN] (INT) actual length = 64, buffer length = 64
00000000: 04 01 00 01 00 00 00 00  00 00 00 00 00 00 00 00  ................
00000010: 00 00 00 00 00 00 00 00  00 00 00 00 00 00 00 00  ................
00000020: 00 00 00 00 00 00 00 00  00 00 00 00 00 00 00 00  ................
00000030: 00 00 00 00 00 00 00 00  00 00 00 00 00 00 00 00  ................

159: 0c45:652f [0x03 OUT] (INT) actual length = 64, buffer length = 64
00000000: 04 36 00 06 01 2B 00 00  04 00 00 00 00 00 00 00  .6...+..........
00000010: 00 00 00 00 00 00 00 00  00 00 00 00 00 00 00 00  ................
00000020: 00 00 00 00 00 00 00 00  00 00 00 00 00 00 00 00  ................
00000030: 00 00 00 00 00 00 00 00  00 00 00 00 00 00 00 00  ................

160: 0c45:652f [0x82 IN] (INT) actual length = 64, buffer length = 64
00000000: 04 36 00 06 01 2B 00 00  04 00 00 00 00 00 00 00  .6...+..........
00000010: 00 00 00 00 00 00 00 00  00 00 00 00 00 00 00 00  ................
00000020: 00 00 00 00 00 00 00 00  00 00 00 00 00 00 00 00  ................
00000030: 00 00 00 00 00 00 00 00  00 00 00 00 00 00 00 00  ................

161: 0c45:652f [0x03 OUT] (INT) actual length = 64, buffer length = 64
00000000: 04 02 00 02 00 00 00 00  00 00 00 00 00 00 00 00  ................
00000010: 00 00 00 00 00 00 00 00  00 00 00 00 00 00 00 00  ................
00000020: 00 00 00 00 00 00 00 00  00 00 00 00 00 00 00 00  ................
00000030: 00 00 00 00 00 00 00 00  00 00 00 00 00 00 00 00  ................

162: 0c45:652f [0x82 IN] (INT) actual length = 64, buffer length = 64
00000000: 04 02 00 02 00 00 00 00  00 00 00 00 00 00 00 00  ................
00000010: 00 00 00 00 00 00 00 00  00 00 00 00 00 00 00 00  ................
00000020: 00 00 00 00 00 00 00 00  00 00 00 00 00 00 00 00  ................
00000030: 00 00 00 00 00 00 00 00  00 00 00 00 00 00 00 00  ................

163: 0c45:652f [0x81 IN] (INT) actual length = 0, buffer length = 8
00000000: 00 00 00 00 00 00 00 00                           ........

164: 0c45:652f [0x82 IN] (INT) actual length = 0, buffer length = 64
00000000: 00 00 00 00 00 00 00 00  00 00 00 00 00 00 00 00  ................
00000010: 00 00 00 00 00 00 00 00  00 00 00 00 00 00 00 00  ................
00000020: 00 00 00 00 00 00 00 00  00 00 00 00 00 00 00 00  ................
00000030: 00 00 00 00 00 00 00 00  00 00 00 00 00 00 00 00  ................

165: 0c45:652f [0x00 IN] (CONTROL) actual length = 18, buffer length = 64
00000000: 12 01 00 02 00 00 00 40  45 0C 2F 65 05 01 01 02  .......@E./e....
00000010: 00 01 00 00 00 00 00 00  00 00 00 00 00 00 00 00  ................
00000020: 00 00 00 00 00 00 00 00  00 00 00 00 00 00 00 00  ................
00000030: 00 00 00 00 00 00 00 00  00 00 00 00 00 00 00 00  ................

166: 0c45:652f [0x00 IN] (CONTROL) actual length = 18, buffer length = 18
00000000: 12 01 00 02 00 00 00 40  45 0C 2F 65 05 01 01 02  .......@E./e....
00000010: 00 01                                             ..

167: 0c45:652f [0x00 IN] (CONTROL) actual length = 66, buffer length = 66
00000000: 09 02 42 00 02 01 00 A0  C8 09 04 00 00 01 03 01  ..B.............
00000010: 01 00 09 21 11 01 00 01  22 4F 00 07 05 81 03 08  ...!...."O......
00000020: 00 01 09 04 01 00 02 03  01 02 00 09 21 11 01 00  ............!...
00000030: 01 22 70 00 07 05 82 03  40 00 01 07 05 03 03 40  ."p.....@......@
00000040: 00 01                                             ..

168: 0c45:652f [0x00 OUT] (CONTROL) actual length = 0, buffer length = 0

169: 0c45:652f [0x00 OUT] (CONTROL) actual length = 0, buffer length = 0

170: 0c45:652f [0x00 IN] (CONTROL) actual length = 79, buffer length = 79
00000000: 05 01 09 06 A1 01 05 07  19 E0 29 E7 15 00 25 01  ..........)...%.
00000010: 75 01 95 08 81 02 95 01  75 08 81 01 95 05 75 01  u.......u.....u.
00000020: 05 08 19 01 29 05 91 02  95 01 75 03 91 01 95 06  ....).....u.....
00000030: 75 08 15 00 26 FF 00 05  07 19 00 2A FF 00 81 00  u...&......*....
00000040: 05 0C 09 00 15 80 25 7F  95 40 75 08 B1 02 C0     ......%..@u....

171: 0c45:652f [0x00 OUT] (CONTROL) actual length = 1, buffer length = 1
00000000: 00                                                .

172: 0c45:652f [0x00 OUT] (CONTROL) actual length = 0, buffer length = 0

173: 0c45:652f [0x00 IN] (CONTROL) actual length = 112, buffer length = 112
00000000: 05 01 09 06 A1 01 85 01  05 07 19 04 29 70 15 00  ............)p..
00000010: 25 01 75 01 95 78 81 02  C0 05 01 09 0C A1 01 85  %.u..x..........
00000020: 02 19 C6 29 C8 15 00 25  01 75 01 95 01 81 02 75  ...)...%.u.....u
00000030: 01 95 07 81 03 C0 05 0C  09 01 A1 01 85 03 15 00  ................
00000040: 26 FF 1F 19 00 2A FF 1F  75 10 95 01 81 00 C0 06  &....*..u.......
00000050: 1C FF 09 92 A1 01 85 04  19 00 2A FF 00 15 00 26  ..........*....&
00000060: FF 00 75 08 95 3F 91 00  19 00 2A FF 00 81 00 C0  ..u..?....*.....

174: 0c45:652f [0x81 IN] (INT) actual length = 8, buffer length = 8
00000000: 01 00 00 00 00 00 00 00                           ........

175: 0c45:652f [0x81 IN] (INT) actual length = 8, buffer length = 8
00000000: 01 00 06 00 00 00 00 00                           ........

